[23.11.12 16:44:31] Starting FoxControl
[23.11.12 16:44:31] Initialize the Config file..
[23.11.12 16:44:31] Config file initialized!
[23.11.12 16:44:31] 
[23.11.12 17:44:31] FoxControl Is now running. PHP-Version: 5.3.6-13ubuntu3.8 - PHP-OS: Linux
[23.11.12 17:44:31] 
[23.11.12 17:44:31] -->Connecting to the database..
[23.11.12 17:44:31] -->Connected!
[23.11.12 17:44:31] 
[23.11.12 17:44:31] -->Enable Callbacks
[23.11.12 17:44:31] -->Callbacks enabled
[23.11.12 17:44:31] 
PHP Warning:  fopen(http://www.global-rebels.de): failed to open stream: HTTP request failed! HTTP/1.1 401 Authorization Required
 in /home/foxcontrol/FoxControl/control.php on line 1371
PHP Warning:  stream_get_contents() expects parameter 1 to be resource, boolean given in /home/foxcontrol/FoxControl/control.php on line 1372
PHP Warning:  fclose() expects parameter 1 to be resource, boolean given in /home/foxcontrol/FoxControl/control.php on line 1373
[23.11.12 17:44:31] -->Loading plugins..
[23.11.12 17:44:31] -->Load plugin chat.admin.php [0]
[23.11.12 17:44:31] -->Load plugin chat.player.php [1]
[23.11.12 17:44:31] -->Load plugin chat.pm.php [2]
[23.11.12 17:44:31] -->Load plugin chat.format.php [3]
[23.11.12 17:44:31] -->Load plugin manager.plugins.php [4]
[23.11.12 17:44:31] -->Load plugin plugin.currentchallenge.php [5]
[23.11.12 17:44:31] -->Load plugin plugin.simple_buttons.php [6]
[23.11.12 17:44:31] -->Load plugin plugin.adminpanel.php [7]
[23.11.12 17:44:31] -->Load plugin plugin.menu.php [8]
[23.11.12 17:44:31] -->Load plugin plugin.donate.php [9]
[23.11.12 17:44:31] -->Load plugin plugin.clock.php [10]
[23.11.12 17:44:31] -->Load plugin plugin.records.php [11]
[23.11.12 17:44:31] -->Load plugin plugin.dedimania.php [12]
[23.11.12 17:44:31] -->Load plugin plugin.challenges.php [13]
[23.11.12 17:44:31] -->Load plugin plugin.jukebox.php [14]
[23.11.12 17:44:31] -->Load plugin plugin.karma.php [15]
[23.11.12 17:44:31] -->Load plugin plugin.players.php [16]
[23.11.12 17:44:31] -->Load plugin plugin.scorepanel.php [17]
[23.11.12 17:44:31] -->Load plugin plugin.banlist.php [18]
[23.11.12 17:44:31] -->Load plugin plugin.topdons.php [19]
[23.11.12 17:44:31] -->Load plugin plugin.norank.php [20]
[23.11.12 17:44:31] -->Load plugin plugin.newsupdate.php [21]
[23.11.12 17:44:31] -->Load plugin plugin.search.php [22]
[23.11.12 17:44:31] -->Load plugin plugin.infomessage.php [23]
[23.11.12 17:44:31] -->Load plugin plugin.ignorelist.php [24]
[23.11.12 17:44:31] -->Load plugin plugin.bestmaps.php [25]
[23.11.12 17:44:31] -->Load plugin plugin.mostactive.php [26]
[23.11.12 17:44:31] -->Load plugin plugin.widgetsettings.php [27]
[23.11.12 17:44:31] -->Plugins loaded!
[23.11.12 17:44:31] 
[23.11.12 17:44:31] -->Enable custom_ui..
[23.11.12 17:44:31] -->Custom_ui enabled!
[23.11.12 17:44:31] 
[23.11.12 17:44:33] 
[23.11.12 17:44:33] ******** (Dedimania) ********
[23.11.12 17:44:33] * Try connection on http://dedimania.net:8082/Dedimania ...
[23.11.12 17:44:33] 
[23.11.12 17:44:33] Webaccess(dedimania.net:8082): [CLOSED,DONE]: 0.014 / 0.000 / 0.039 (0.039) / 1 [898,1175]
[23.11.12 17:44:33] 
[23.11.12 17:44:33] Connection and status ok !
[23.11.12 17:44:33] ******** (Dedimania) ********
[23.11.12 17:44:33] 
[23.11.12 17:44:33] 
[23.11.12 17:44:33] DM.onPlayerConnect(matrix142):: will send dedimania.PlayerConnect...
[23.11.12 17:44:33] 
[23.11.12 17:44:33] #######################################################
[23.11.12 17:44:33] FoxControl TrackMania2 Stable 1.1
[23.11.12 17:44:33] Authors: matrix142, cyrilw, libero, jens
[23.11.12 17:44:33] Running on FoxControl Dev
[23.11.12 17:44:33] Support forum: http://forum.fox-control.de
[23.11.12 17:44:33] #######################################################
[23.11.12 17:44:34] 
[23.11.12 17:44:34] Webaccess(dedimania.net:8082): [CLOSED,DONE]: 0.014 / 0.000 / 0.325 (0.000) / 1 [23710,23989]
[23.11.12 17:44:34] 
